<?xml version="1.0" encoding="UTF-8"?>
<testsuites name="Mocha Tests" time="0.0000" tests="1" failures="1">
  <testsuite name="Root Suite" timestamp="2021-08-17T15:53:34" tests="0" file="cypress/integration/team.spec.js" time="0.0000" failures="0">
  </testsuite>
  <testsuite name="Teams Page" timestamp="2021-08-17T15:53:34" tests="0" time="0.0000" failures="0">
  </testsuite>
  <testsuite name="Create" timestamp="2021-08-17T15:53:34" tests="1" time="0.0000" failures="1">
    <testcase name="Teams Page Create should navigate to Team Page, select the first team and add a new member" time="0.0000" classname="should navigate to Team Page, select the first team and add a new member">
      <failure message="Timed out retrying after 1000ms: Expected to find element: `[data-testid=partySelectorItem]`, but never found it." type="AssertionError"><![CDATA[AssertionError: Timed out retrying after 1000ms: Expected to find element: `[data-testid=partySelectorItem]`, but never found it.
    at TeamPage.eval [as selectParty] (http://localhost:9000/__cypress/tests?p=cypress/integration/team.spec.js:245:10)
    at Context.eval (http://localhost:9000/__cypress/tests?p=cypress/integration/team.spec.js:203:72)]]></failure>
    </testcase>
  </testsuite>
</testsuites>